[debug] [2019-02-17T01:56:26.707Z] ----------------------------------------------------------------------
[debug] [2019-02-17T01:56:26.709Z] Command:       /usr/local/bin/node /usr/local/bin/firebase serve
[debug] [2019-02-17T01:56:26.709Z] CLI Version:   6.3.1
[debug] [2019-02-17T01:56:26.709Z] Platform:      darwin
[debug] [2019-02-17T01:56:26.709Z] Node Version:  v10.13.0
[debug] [2019-02-17T01:56:26.710Z] Time:          Sat Feb 16 2019 20:56:26 GMT-0500 (Eastern Standard Time)
[debug] [2019-02-17T01:56:26.710Z] ----------------------------------------------------------------------
[debug] 
[debug] [2019-02-17T01:56:26.721Z] > command requires scopes: ["email","openid","https://www.googleapis.com/auth/cloudplatformprojects.readonly","https://www.googleapis.com/auth/firebase","https://www.googleapis.com/auth/cloud-platform"]
[debug] [2019-02-17T01:56:26.721Z] > authorizing via signed-in user
[debug] [2019-02-17T01:56:26.721Z] [iam] checking project learntogether-1a02d for permissions ["firebase.projects.get"]
[debug] [2019-02-17T01:56:26.723Z] >>> HTTP REQUEST POST https://cloudresourcemanager.googleapis.com/v1/projects/learntogether-1a02d:testIamPermissions  

[debug] [2019-02-17T01:56:26.970Z] <<< HTTP RESPONSE 200
[debug] [2019-02-17T01:56:26.972Z] >>> HTTP REQUEST GET https://cloudresourcemanager.googleapis.com/v1/projects/learntogether-1a02d  
 
[debug] [2019-02-17T01:56:27.168Z] <<< HTTP RESPONSE 200
[info] 
[info] === Serving from '/Users/chiazo/Desktop/LearnTogether'...
[info] 
[debug] [2019-02-17T01:56:27.171Z] >>> HTTP REQUEST GET https://mobilesdk-pa.googleapis.com/v1/projects/984765198855/clients/_:getWebAppConfig  
 
[debug] [2019-02-17T01:56:27.615Z] <<< HTTP RESPONSE 200
[info] i  hosting: Serving hosting files from: public
[info] ✔  hosting: Local server: http://localhost:5000
[debug] [2019-02-17T02:01:32.396Z] ----------------------------------------------------------------------
[debug] [2019-02-17T02:01:32.399Z] Command:       /usr/local/bin/node /usr/local/bin/firebase serve
[debug] [2019-02-17T02:01:32.399Z] CLI Version:   6.3.1
[debug] [2019-02-17T02:01:32.399Z] Platform:      darwin
[debug] [2019-02-17T02:01:32.399Z] Node Version:  v10.13.0
[debug] [2019-02-17T02:01:32.400Z] Time:          Sat Feb 16 2019 21:01:32 GMT-0500 (Eastern Standard Time)
[debug] [2019-02-17T02:01:32.400Z] ----------------------------------------------------------------------
[debug] 
[debug] [2019-02-17T02:01:32.413Z] > command requires scopes: ["email","openid","https://www.googleapis.com/auth/cloudplatformprojects.readonly","https://www.googleapis.com/auth/firebase","https://www.googleapis.com/auth/cloud-platform"]
[debug] [2019-02-17T02:01:32.414Z] > authorizing via signed-in user
[debug] [2019-02-17T02:01:32.414Z] [iam] checking project learntogether-1a02d for permissions ["firebase.projects.get"]
[debug] [2019-02-17T02:01:32.416Z] >>> HTTP REQUEST POST https://cloudresourcemanager.googleapis.com/v1/projects/learntogether-1a02d:testIamPermissions  

[debug] [2019-02-17T02:01:32.682Z] <<< HTTP RESPONSE 200
[debug] [2019-02-17T02:01:32.684Z] >>> HTTP REQUEST GET https://cloudresourcemanager.googleapis.com/v1/projects/learntogether-1a02d  
 
[debug] [2019-02-17T02:01:32.891Z] <<< HTTP RESPONSE 200
[info] 
[info] === Serving from '/Users/chiazo/Desktop/LearnTogether'...
[info] 
[debug] [2019-02-17T02:01:32.894Z] >>> HTTP REQUEST GET https://mobilesdk-pa.googleapis.com/v1/projects/984765198855/clients/_:getWebAppConfig  
 
[debug] [2019-02-17T02:01:33.139Z] <<< HTTP RESPONSE 200
[info] i  hosting: Serving hosting files from: public
[info] ✔  hosting: Local server: http://localhost:5000
